<?xml version="1.0" encoding="UTF-8"?>
<testng-results ignored="0" total="1" passed="1" failed="0" skipped="0">
  <reporter-output>
  </reporter-output>
  <suite started-at="2022-01-13T18:04:05 BDT" name="Default suite" finished-at="2022-01-13T18:04:05 BDT" duration-ms="810">
    <groups>
    </groups>
    <test started-at="2022-01-13T18:04:05 BDT" name="Default test" finished-at="2022-01-13T18:04:05 BDT" duration-ms="810">
      <class name="SimpleGetTest">
        <test-method signature="GetWeatherDetails()[pri:0, instance:SimpleGetTest@19d481b]" started-at="2022-01-13T18:04:05 BDT" name="GetWeatherDetails" finished-at="2022-01-13T18:04:05 BDT" duration-ms="787" status="PASS">
          <reporter-output>
          </reporter-output>
        </test-method> <!-- GetWeatherDetails -->
      </class> <!-- SimpleGetTest -->
    </test> <!-- Default test -->
  </suite> <!-- Default suite -->
</testng-results>
